<?xml version="1.0" encoding="UTF-8" standalone="no"?>
<testsuite errors="0" failures="0" name="io.cucumber.core.plugin.JUnitFormatter" skipped="0" tests="29" time="0.601">
    <testcase classname="Examples of Cucumber data table implementations" name="List of fruits I like" time="0.06">
        <system-out>
            <![CDATA[Then user should see the fruits I like......................................passed
]]>
        </system-out>
    </testcase>
    <testcase classname="Google search functionality" name="Search page title verification" time="0.005">
        <system-out>
            <![CDATA[When user is on google search page..........................................passed
Then user should see title is Google........................................passed
]]>
        </system-out>
    </testcase>
    <testcase classname="Google search functionality" name="Search functionality result title verification" time="0.003">
        <system-out>
            <![CDATA[Given user is on google search page.........................................passed
When user types apple and clicks enter......................................passed
Then user sees apple in the google title....................................passed
]]>
        </system-out>
    </testcase>
    <testcase classname="Google search functionality" name="Search functionality result title verification 2" time="0.001">
        <system-out>
            <![CDATA[Given user is on google search page.........................................passed
When user types "apple" and clicks enter....................................passed
Then user sees "apple" in the google title..................................passed
]]>
        </system-out>
    </testcase>
    <testcase classname="Library app login feature" name="Login as librarian" time="0.004">
        <system-out>
            <![CDATA[Given user is on the library login page.....................................passed
When user enters librarian username.........................................passed
And user enters librarian password..........................................passed
Then user should see the dashboard..........................................passed
]]>
        </system-out>
    </testcase>
    <testcase classname="Library app login feature" name="Login as Student" time="0.001">
        <system-out>
            <![CDATA[Given user is on the library login page.....................................passed
When user enters student username...........................................passed
And user enters student password............................................passed
Then user should see the dashboard..........................................passed
]]>
        </system-out>
    </testcase>
    <testcase classname="Library app login feature" name="Login as admin" time="0">
        <system-out>
            <![CDATA[Given user is on the library login page.....................................passed
When user enters admin username.............................................passed
And user enters admin password..............................................passed
Then user should see the dashboard..........................................passed
]]>
        </system-out>
    </testcase>
    <testcase classname="TC #: Order place scenario" name="User should be able to place order and order seen in web table" time="0.017">
        <system-out>
            <![CDATA[Given user is already logged in and on order page...........................passed
When user selects product type "Familybea"..................................passed
And user enters quantity 2..................................................passed
And user enters customer name "Sherlock Holmes".............................passed
And user enters street "221B Baker Street"..................................passed
And user enters city "London"...............................................passed
And user enters state "England".............................................passed
And user enters zipcode "50505".............................................passed
And user selects credit card type "Visa"....................................passed
And user enters credit card number "1111222233334444".......................passed
And user enters expiry date "12/23".........................................passed
And user enters process order button........................................passed
Then user should see "Sherlock Holmes" in first row of the web table........passed
]]>
        </system-out>
    </testcase>
    <testcase classname="TC #: Order place scenario" name="User should be able to place order and order seen in web table 2" time="0.001">
        <system-out>
            <![CDATA[Given user is already logged in and on order page...........................passed
When user selects product type "MoneyCog"...................................passed
And user enters quantity 2..................................................passed
And user enters customer name "Marie Curie".................................passed
And user enters street "London st"..........................................passed
And user enters city "London"...............................................passed
And user enters state "England".............................................passed
And user enters zipcode "50505".............................................passed
And user selects credit card type "Visa"....................................passed
And user enters credit card number "1111222233334444".......................passed
And user enters expiry date "12/24".........................................passed
And user enters process order button........................................passed
Then user should see "Marie Curie" in first row of the web table............passed
]]>
        </system-out>
    </testcase>
    <testcase classname="TC #: Order place scenario" name="User should be able to place order and order seen in web table 3" time="0.004">
        <system-out>
            <![CDATA[Given user is already logged in and on order page...........................passed
When user selects product type "Familybea"..................................passed
And user enters quantity 3..................................................passed
And user enters customer name "Rosalind Franklin"...........................passed
And user enters street "London st"..........................................passed
And user enters city "London"...............................................passed
And user enters state "England".............................................passed
And user enters zipcode "50505".............................................passed
And user selects credit card type "Visa"....................................passed
And user enters credit card number "1111222233334444".......................passed
And user enters expiry date "12/24".........................................passed
And user enters process order button........................................passed
Then user should see "Rosalind Franklin" in first row of the web table......passed
]]>
        </system-out>
    </testcase>
    <testcase classname="TC #: Order place scenario" name="User should be able to place order and order seen in web table 4" time="0.002">
        <system-out>
            <![CDATA[Given user is already logged in and on order page...........................passed
When user selects product type "Screenable".................................passed
And user enters quantity 4..................................................passed
And user enters customer name "List Meitner"................................passed
And user enters street "London st"..........................................passed
And user enters city "London"...............................................passed
And user enters state "England".............................................passed
And user enters zipcode "50505".............................................passed
And user selects credit card type "Visa"....................................passed
And user enters credit card number "1111222233334444".......................passed
And user enters expiry date "12/24".........................................passed
And user enters process order button........................................passed
Then user should see "List Meitner" in first row of the web table...........passed
]]>
        </system-out>
    </testcase>
    <testcase classname="TC #: Order place scenario" name="User should be able to place order and order seen in web table 5" time="0.001">
        <system-out>
            <![CDATA[Given user is already logged in and on order page...........................passed
When user selects product type "MoneyCog"...................................passed
And user enters quantity 5..................................................passed
And user enters customer name "Chien-Shiung Wu".............................passed
And user enters street "London st"..........................................passed
And user enters city "London"...............................................passed
And user enters state "England".............................................passed
And user enters zipcode "50505".............................................passed
And user selects credit card type "Visa"....................................passed
And user enters credit card number "1111222233334444".......................passed
And user enters expiry date "12/24".........................................passed
And user enters process order button........................................passed
Then user should see "Chien-Shiung Wu" in first row of the web table........passed
]]>
        </system-out>
    </testcase>
    <testcase classname="TC #: Order place scenario" name="User should be able to place order and order seen in web table 6" time="0.001">
        <system-out>
            <![CDATA[Given user is already logged in and on order page...........................passed
When user selects product type "MoneyCog"...................................passed
And user enters quantity 6..................................................passed
And user enters customer name "Barbara McClintock"..........................passed
And user enters street "London st"..........................................passed
And user enters city "London"...............................................passed
And user enters state "England".............................................passed
And user enters zipcode "50505".............................................passed
And user selects credit card type "Visa"....................................passed
And user enters credit card number "1111222233334444".......................passed
And user enters expiry date "12/24".........................................passed
And user enters process order button........................................passed
Then user should see "Barbara McClintock" in first row of the web table.....passed
]]>
        </system-out>
    </testcase>
    <testcase classname="TC #: Order place scenario" name="User should be able to place order and order seen in web table 7" time="0.002">
        <system-out>
            <![CDATA[Given user is already logged in and on order page...........................passed
When user selects product type "MoneyCog"...................................passed
And user enters quantity 2..................................................passed
And user enters customer name "Charles Darwin"..............................passed
And user enters street "London st"..........................................passed
And user enters city "London"...............................................passed
And user enters state "England".............................................passed
And user enters zipcode "50505".............................................passed
And user selects credit card type "Visa"....................................passed
And user enters credit card number "1111222233334444".......................passed
And user enters expiry date "12/24".........................................passed
And user enters process order button........................................passed
Then user should see "Charles Darwin" in first row of the web table.........passed
]]>
        </system-out>
    </testcase>
    <testcase classname="TC #: Order place scenario" name="User should be able to place order and order seen in web table 8" time="0">
        <system-out>
            <![CDATA[Given user is already logged in and on order page...........................passed
When user selects product type "Familybea"..................................passed
And user enters quantity 3..................................................passed
And user enters customer name "Albert Einstein".............................passed
And user enters street "London st"..........................................passed
And user enters city "London"...............................................passed
And user enters state "England".............................................passed
And user enters zipcode "50505".............................................passed
And user selects credit card type "Visa"....................................passed
And user enters credit card number "1111222233334444".......................passed
And user enters expiry date "12/24".........................................passed
And user enters process order button........................................passed
Then user should see "Albert Einstein" in first row of the web table........passed
]]>
        </system-out>
    </testcase>
    <testcase classname="TC #: Order place scenario" name="User should be able to place order and order seen in web table 9" time="0.002">
        <system-out>
            <![CDATA[Given user is already logged in and on order page...........................passed
When user selects product type "Screenable".................................passed
And user enters quantity 4..................................................passed
And user enters customer name "CV Raman"....................................passed
And user enters street "London st"..........................................passed
And user enters city "London"...............................................passed
And user enters state "England".............................................passed
And user enters zipcode "50505".............................................passed
And user selects credit card type "Visa"....................................passed
And user enters credit card number "1111222233334444".......................passed
And user enters expiry date "12/24".........................................passed
And user enters process order button........................................passed
Then user should see "CV Raman" in first row of the web table...............passed
]]>
        </system-out>
    </testcase>
    <testcase classname="TC #: Order place scenario" name="User should be able to place order and order seen in web table 10" time="0.003">
        <system-out>
            <![CDATA[Given user is already logged in and on order page...........................passed
When user selects product type "MoneyCog"...................................passed
And user enters quantity 5..................................................passed
And user enters customer name "Galileo".....................................passed
And user enters street "London st"..........................................passed
And user enters city "London"...............................................passed
And user enters state "England".............................................passed
And user enters zipcode "50505".............................................passed
And user selects credit card type "Visa"....................................passed
And user enters credit card number "1111222233334444".......................passed
And user enters expiry date "12/24".........................................passed
And user enters process order button........................................passed
Then user should see "Galileo" in first row of the web table................passed
]]>
        </system-out>
    </testcase>
    <testcase classname="TC #: Order place scenario" name="User should be able to place order and order seen in web table 11" time="0">
        <system-out>
            <![CDATA[Given user is already logged in and on order page...........................passed
When user selects product type "MoneyCog"...................................passed
And user enters quantity 6..................................................passed
And user enters customer name "Isaac Newton"................................passed
And user enters street "London st"..........................................passed
And user enters city "London"...............................................passed
And user enters state "England".............................................passed
And user enters zipcode "50505".............................................passed
And user selects credit card type "Visa"....................................passed
And user enters credit card number "1111222233334444".......................passed
And user enters expiry date "12/24".........................................passed
And user enters process order button........................................passed
Then user should see "Isaac Newton" in first row of the web table...........passed
]]>
        </system-out>
    </testcase>
    <testcase classname="TC #: Order place scenario" name="User should be able to place order and order seen in web table 12" time="0.001">
        <system-out>
            <![CDATA[Given user is already logged in and on order page...........................passed
When user selects product type "MoneyCog"...................................passed
And user enters quantity 6..................................................passed
And user enters customer name "Arnold Schwarzenegger".......................passed
And user enters street "London st"..........................................passed
And user enters city "London"...............................................passed
And user enters state "England".............................................passed
And user enters zipcode "50505".............................................passed
And user selects credit card type "Visa"....................................passed
And user enters credit card number "1111222233334444".......................passed
And user enters expiry date "12/24".........................................passed
And user enters process order button........................................passed
Then user should see "Arnold Schwarzenegger" in first row of the web table..passed
]]>
        </system-out>
    </testcase>
    <testcase classname="USer should be able to login with correct credentials" name="Positive login scenario" time="0.004">
        <system-out>
            <![CDATA[Given user is on the login pageof web table app.............................passed
When user enters username: "Test"...........................................passed
And user enters password: "Tester"..........................................passed
And user clicks the login button............................................passed
Then user should see url ends with orders...................................passed
]]>
        </system-out>
    </testcase>
    <testcase classname="USer should be able to login with correct credentials" name="" time="0.001">
        <system-out>
            <![CDATA[Given user is on the login pageof web table app.............................passed
When user enters username: "Test" password: "Tester" and logins.............passed
Then user should see url ends with orders...................................passed
]]>
        </system-out>
    </testcase>
    <testcase classname="USer should be able to login with correct credentials" name="User should be able to see all 12 months in months" time="0.001">
        <system-out>
            <![CDATA[Given User is on the dropdowns page of practice tool........................passed
Then User should see below info in month dropdown...........................passed
]]>
        </system-out>
    </testcase>
    <testcase classname="USer should be able to login with correct credentials" name="User should be able to see all 12 months in" time="0">
        <system-out>
            <![CDATA[Given user is on the login pageof web table app.............................passed
When User enters below credentials..........................................passed
Then user should see url ends with orders...................................passed
]]>
        </system-out>
    </testcase>
    <testcase classname="Wikipedia Search Functionality" name="Wikipedia Search Functionality Title Verification" time="0.003">
        <system-out>
            <![CDATA[Given user is on Wikipedia home page........................................passed
When user types "Steve Jobs" in the wiki search box.........................passed
And user clicks wiki search button..........................................passed
Then user sees "Steve Jobs" is in the wiki title............................passed
]]>
        </system-out>
    </testcase>
    <testcase classname="Wikipedia Search Functionality" name="Wikipedia Search Functionality Header Verification" time="0.001">
        <system-out>
            <![CDATA[Given user is on Wikipedia home page........................................passed
When user types "Steve Jobs" in the wiki search box.........................passed
And user clicks wiki search button..........................................passed
Then user sees "Steve Jobs" is in the main header...........................passed
]]>
        </system-out>
    </testcase>
    <testcase classname="Wikipedia Search Functionality" name="Wikipedia Search Functionality Title Verification" time="0.001">
        <system-out>
            <![CDATA[Given user is on Wikipedia home page........................................passed
When user types "Steve Jobs" in the wiki search box.........................passed
And user clicks wiki search button..........................................passed
Then user sees "Steve Jobs" is in the wiki title............................passed
Then user sees "Steve Jobs" is in the main header...........................passed
]]>
        </system-out>
    </testcase>
    <testcase classname="Wikipedia Search Functionality" name="Wikipedia Search Functionality Title Verification 2" time="0">
        <system-out>
            <![CDATA[Given user is on Wikipedia home page........................................passed
When user types "Cristiano Ronaldo" in the wiki search box..................passed
And user clicks wiki search button..........................................passed
Then user sees "Cristiano Ronaldo" is in the wiki title.....................passed
Then user sees "Cristiano Ronaldo" is in the main header....................passed
]]>
        </system-out>
    </testcase>
    <testcase classname="Wikipedia Search Functionality" name="Wikipedia Search Functionality Title Verification 3" time="0.002">
        <system-out>
            <![CDATA[Given user is on Wikipedia home page........................................passed
When user types "Kate Winslet" in the wiki search box.......................passed
And user clicks wiki search button..........................................passed
Then user sees "Kate Winslet" is in the wiki title..........................passed
Then user sees "Kate Winslet" is in the main header.........................passed
]]>
        </system-out>
    </testcase>
    <testcase classname="Wikipedia Search Functionality" name="Wikipedia Search Functionality Title Verification 4" time="0">
        <system-out>
            <![CDATA[Given user is on Wikipedia home page........................................passed
When user types "Lady Gaga" in the wiki search box..........................passed
And user clicks wiki search button..........................................passed
Then user sees "Lady Gaga" is in the wiki title.............................passed
Then user sees "Lady Gaga" is in the main header............................passed
]]>
        </system-out>
    </testcase>
</testsuite>
